<?xml version="1.0" encoding="UTF-8"?>
<!-- Generated by org.testng.reporters.JUnitReportReporter -->
<testsuite skipped="0" hostname="LAPTOP-GRCUBFH1" name="citigroup.nbs.Sample" tests="1" failures="0" timestamp="27 Nov 2018 00:09:47 GMT" time="5.102" errors="0">
  <testcase name="launchApp" time="5.102" classname="citigroup.nbs.Sample"/>
</testsuite> <!-- citigroup.nbs.Sample -->
